# JRE version: OpenJDK Runtime Environment (11.0.13) (build 11.0.13+0-b1751.21-8125866)
# Java VM: OpenJDK 64-Bit Server VM (11.0.13+0-b1751.21-8125866, mixed mode, tiered, compressed oops, g1 gc, windows-amd64)
Heap:
 garbage-first heap   total 1096704K, used 370688K [0x0000000080000000, 0x0000000100000000)
  region size 1024K, 5 young (5120K), 5 survivors (5120K)
 Metaspace       used 99744K, capacity 101981K, committed 102256K, reserved 1138688K
  class space    used 12951K, capacity 13821K, committed 13848K, reserved 1048576K
GC Heap History (20 events):
Event: 31.779 GC heap after
{Heap after GC invocations=35 (full 0):
 garbage-first heap   total 287744K, used 241410K [0x0000000080000000, 0x0000000100000000)
  region size 1024K, 2 young (2048K), 2 survivors (2048K)
 Metaspace       used 97274K, capacity 99476K, committed 99824K, reserved 1136640K
  class space    used 12487K, capacity 13328K, committed 13464K, reserved 1048576K
}
Event: 31.875 GC heap before
{Heap before GC invocations=35 (full 0):
 garbage-first heap   total 287744K, used 253698K [0x0000000080000000, 0x0000000100000000)
  region size 1024K, 14 young (14336K), 2 survivors (2048K)
 Metaspace       used 97274K, capacity 99476K, committed 99824K, reserved 1136640K
  class space    used 12487K, capacity 13328K, committed 13464K, reserved 1048576K
}
Event: 31.880 GC heap after
{Heap after GC invocations=36 (full 0):
 garbage-first heap   total 287744K, used 244920K [0x0000000080000000, 0x0000000100000000)
  region size 1024K, 2 young (2048K), 2 survivors (2048K)
 Metaspace       used 97274K, capacity 99476K, committed 99824K, reserved 1136640K
  class space    used 12487K, capacity 13328K, committed 13464K, reserved 1048576K
}
Event: 31.991 GC heap before
{Heap before GC invocations=36 (full 0):
 garbage-first heap   total 287744K, used 264376K [0x0000000080000000, 0x0000000100000000)
  region size 1024K, 14 young (14336K), 2 survivors (2048K)
 Metaspace       used 97274K, capacity 99476K, committed 99824K, reserved 1136640K
  class space    used 12487K, capacity 13328K, committed 13464K, reserved 1048576K
}
Event: 32.009 GC heap after
{Heap after GC invocations=37 (full 0):
 garbage-first heap   total 287744K, used 252242K [0x0000000080000000, 0x0000000100000000)
  region size 1024K, 2 young (2048K), 2 survivors (2048K)
 Metaspace       used 97274K, capacity 99476K, committed 99824K, reserved 1136640K
  class space    used 12487K, capacity 13328K, committed 13464K, reserved 1048576K
}
Event: 32.034 GC heap before
{Heap before GC invocations=38 (full 0):
 garbage-first heap   total 287744K, used 256338K [0x0000000080000000, 0x0000000100000000)
  region size 1024K, 7 young (7168K), 2 survivors (2048K)
 Metaspace       used 97274K, capacity 99476K, committed 99824K, reserved 1136640K
  class space    used 12487K, capacity 13328K, committed 13464K, reserved 1048576K
}
Event: 32.047 GC heap after
{Heap after GC invocations=39 (full 0):
 garbage-first heap   total 287744K, used 254254K [0x0000000080000000, 0x0000000100000000)
  region size 1024K, 2 young (2048K), 2 survivors (2048K)
 Metaspace       used 97274K, capacity 99476K, committed 99824K, reserved 1136640K
  class space    used 12487K, capacity 13328K, committed 13464K, reserved 1048576K
}
Event: 32.153 GC heap before
{Heap before GC invocations=39 (full 0):
 garbage-first heap   total 287744K, used 268590K [0x0000000080000000, 0x0000000100000000)
  region size 1024K, 14 young (14336K), 2 survivors (2048K)
 Metaspace       used 97276K, capacity 99476K, committed 99824K, reserved 1136640K
  class space    used 12487K, capacity 13328K, committed 13464K, reserved 1048576K
}
Event: 32.172 GC heap after
{Heap after GC invocations=40 (full 0):
 garbage-first heap   total 287744K, used 262633K [0x0000000080000000, 0x0000000100000000)
  region size 1024K, 2 young (2048K), 2 survivors (2048K)
 Metaspace       used 97276K, capacity 99476K, committed 99824K, reserved 1136640K
  class space    used 12487K, capacity 13328K, committed 13464K, reserved 1048576K
}
Event: 32.267 GC heap before
{Heap before GC invocations=40 (full 0):
 garbage-first heap   total 287744K, used 274921K [0x0000000080000000, 0x0000000100000000)
  region size 1024K, 14 young (14336K), 2 survivors (2048K)
 Metaspace       used 97276K, capacity 99476K, committed 99824K, reserved 1136640K
  class space    used 12487K, capacity 13328K, committed 13464K, reserved 1048576K
}
Event: 32.286 GC heap after
{Heap after GC invocations=41 (full 0):
 garbage-first heap   total 287744K, used 267444K [0x0000000080000000, 0x0000000100000000)
  region size 1024K, 2 young (2048K), 2 survivors (2048K)
 Metaspace       used 97276K, capacity 99476K, committed 99824K, reserved 1136640K
  class space    used 12487K, capacity 13328K, committed 13464K, reserved 1048576K
}
Event: 32.380 GC heap before
{Heap before GC invocations=41 (full 0):
 garbage-first heap   total 287744K, used 279732K [0x0000000080000000, 0x0000000100000000)
  region size 1024K, 14 young (14336K), 2 survivors (2048K)
 Metaspace       used 97276K, capacity 99476K, committed 99824K, reserved 1136640K
  class space    used 12487K, capacity 13328K, committed 13464K, reserved 1048576K
}
Event: 32.407 GC heap after
{Heap after GC invocations=42 (full 0):
 garbage-first heap   total 486400K, used 272597K [0x0000000080000000, 0x0000000100000000)
  region size 1024K, 2 young (2048K), 2 survivors (2048K)
 Metaspace       used 97276K, capacity 99476K, committed 99824K, reserved 1136640K
  class space    used 12487K, capacity 13328K, committed 13464K, reserved 1048576K
}
Event: 33.297 GC heap before
{Heap before GC invocations=43 (full 0):
 garbage-first heap   total 486400K, used 337109K [0x0000000080000000, 0x0000000100000000)
  region size 1024K, 63 young (64512K), 2 survivors (2048K)
 Metaspace       used 99641K, capacity 101912K, committed 102000K, reserved 1138688K
  class space    used 12949K, capacity 13821K, committed 13848K, reserved 1048576K
}
Event: 33.378 GC heap after
{Heap after GC invocations=44 (full 0):
 garbage-first heap   total 486400K, used 302547K [0x0000000080000000, 0x0000000100000000)
  region size 1024K, 8 young (8192K), 8 survivors (8192K)
 Metaspace       used 99641K, capacity 101912K, committed 102000K, reserved 1138688K
  class space    used 12949K, capacity 13821K, committed 13848K, reserved 1048576K
}
Event: 33.756 GC heap before
{Heap before GC invocations=44 (full 0):
 garbage-first heap   total 486400K, used 356819K [0x0000000080000000, 0x0000000100000000)
  region size 1024K, 61 young (62464K), 8 survivors (8192K)
 Metaspace       used 99695K, capacity 101913K, committed 102000K, reserved 1138688K
  class space    used 12949K, capacity 13821K, committed 13848K, reserved 1048576K
}
Event: 33.839 GC heap after
{Heap after GC invocations=45 (full 0):
 garbage-first heap   total 486400K, used 331776K [0x0000000080000000, 0x0000000100000000)
  region size 1024K, 8 young (8192K), 8 survivors (8192K)
 Metaspace       used 99695K, capacity 101913K, committed 102000K, reserved 1138688K
  class space    used 12949K, capacity 13821K, committed 13848K, reserved 1048576K
}
Event: 34.309 GC heap before
{Heap before GC invocations=45 (full 0):
 garbage-first heap   total 486400K, used 374784K [0x0000000080000000, 0x0000000100000000)
  region size 1024K, 50 young (51200K), 8 survivors (8192K)
 Metaspace       used 99713K, capacity 101981K, committed 102256K, reserved 1138688K
  class space    used 12949K, capacity 13821K, committed 13848K, reserved 1048576K
}
Event: 34.366 GC heap after
{Heap after GC invocations=46 (full 0):
 garbage-first heap   total 486400K, used 354816K [0x0000000080000000, 0x0000000100000000)
  region size 1024K, 7 young (7168K), 7 survivors (7168K)
 Metaspace       used 99713K, capacity 101981K, committed 102256K, reserved 1138688K
  class space    used 12949K, capacity 13821K, committed 13848K, reserved 1048576K
}
Event: 34.706 GC heap before
{Heap before GC invocations=46 (full 0):
 garbage-first heap   total 486400K, used 385536K [0x0000000080000000, 0x0000000100000000)
  region size 1024K, 40 young (40960K), 7 survivors (7168K)
 Metaspace       used 99744K, capacity 101981K, committed 102256K, reserved 1138688K
  class space    used 12951K, capacity 13821K, committed 13848K, reserved 1048576K
}

