# JRE version: OpenJDK Runtime Environment (11.0.13) (build 11.0.13+0-b1751.21-8125866)
# Java VM: OpenJDK 64-Bit Server VM (11.0.13+0-b1751.21-8125866, mixed mode, tiered, compressed oops, g1 gc, windows-amd64)
Heap:
 garbage-first heap   total 622592K, used 269312K [0x0000000080000000, 0x0000000100000000)
  region size 1024K, 2 young (2048K), 2 survivors (2048K)
 Metaspace       used 100319K, capacity 102634K, committed 102736K, reserved 1138688K
  class space    used 12877K, capacity 13730K, committed 13772K, reserved 1048576K
GC Heap History (20 events):
Event: 35.339 GC heap after
{Heap after GC invocations=38 (full 0):
 garbage-first heap   total 253952K, used 222854K [0x0000000080000000, 0x0000000100000000)
  region size 1024K, 2 young (2048K), 2 survivors (2048K)
 Metaspace       used 100293K, capacity 102569K, committed 102736K, reserved 1138688K
  class space    used 12877K, capacity 13730K, committed 13772K, reserved 1048576K
}
Event: 35.576 GC heap before
{Heap before GC invocations=39 (full 0):
 garbage-first heap   total 253952K, used 232070K [0x0000000080000000, 0x0000000100000000)
  region size 1024K, 12 young (12288K), 2 survivors (2048K)
 Metaspace       used 100318K, capacity 102634K, committed 102736K, reserved 1138688K
  class space    used 12877K, capacity 13730K, committed 13772K, reserved 1048576K
}
Event: 35.585 GC heap after
{Heap after GC invocations=40 (full 0):
 garbage-first heap   total 253952K, used 226740K [0x0000000080000000, 0x0000000100000000)
  region size 1024K, 2 young (2048K), 2 survivors (2048K)
 Metaspace       used 100318K, capacity 102634K, committed 102736K, reserved 1138688K
  class space    used 12877K, capacity 13730K, committed 13772K, reserved 1048576K
}
Event: 35.684 GC heap before
{Heap before GC invocations=40 (full 0):
 garbage-first heap   total 253952K, used 235956K [0x0000000080000000, 0x0000000100000000)
  region size 1024K, 12 young (12288K), 2 survivors (2048K)
 Metaspace       used 100318K, capacity 102634K, committed 102736K, reserved 1138688K
  class space    used 12877K, capacity 13730K, committed 13772K, reserved 1048576K
}
Event: 35.695 GC heap after
{Heap after GC invocations=41 (full 0):
 garbage-first heap   total 253952K, used 231079K [0x0000000080000000, 0x0000000100000000)
  region size 1024K, 2 young (2048K), 2 survivors (2048K)
 Metaspace       used 100318K, capacity 102634K, committed 102736K, reserved 1138688K
  class space    used 12877K, capacity 13730K, committed 13772K, reserved 1048576K
}
Event: 35.818 GC heap before
{Heap before GC invocations=41 (full 0):
 garbage-first heap   total 253952K, used 242343K [0x0000000080000000, 0x0000000100000000)
  region size 1024K, 12 young (12288K), 2 survivors (2048K)
 Metaspace       used 100318K, capacity 102634K, committed 102736K, reserved 1138688K
  class space    used 12877K, capacity 13730K, committed 13772K, reserved 1048576K
}
Event: 35.830 GC heap after
{Heap after GC invocations=42 (full 0):
 garbage-first heap   total 253952K, used 236842K [0x0000000080000000, 0x0000000100000000)
  region size 1024K, 2 young (2048K), 2 survivors (2048K)
 Metaspace       used 100318K, capacity 102634K, committed 102736K, reserved 1138688K
  class space    used 12877K, capacity 13730K, committed 13772K, reserved 1048576K
}
Event: 35.910 GC heap before
{Heap before GC invocations=42 (full 0):
 garbage-first heap   total 253952K, used 247082K [0x0000000080000000, 0x0000000100000000)
  region size 1024K, 12 young (12288K), 2 survivors (2048K)
 Metaspace       used 100318K, capacity 102634K, committed 102736K, reserved 1138688K
  class space    used 12877K, capacity 13730K, committed 13772K, reserved 1048576K
}
Event: 35.917 GC heap after
{Heap after GC invocations=43 (full 0):
 garbage-first heap   total 253952K, used 240009K [0x0000000080000000, 0x0000000100000000)
  region size 1024K, 2 young (2048K), 2 survivors (2048K)
 Metaspace       used 100318K, capacity 102634K, committed 102736K, reserved 1138688K
  class space    used 12877K, capacity 13730K, committed 13772K, reserved 1048576K
}
Event: 36.002 GC heap before
{Heap before GC invocations=43 (full 0):
 garbage-first heap   total 253952K, used 250249K [0x0000000080000000, 0x0000000100000000)
  region size 1024K, 12 young (12288K), 2 survivors (2048K)
 Metaspace       used 100318K, capacity 102634K, committed 102736K, reserved 1138688K
  class space    used 12877K, capacity 13730K, committed 13772K, reserved 1048576K
}
Event: 36.006 GC heap after
{Heap after GC invocations=44 (full 0):
 garbage-first heap   total 256000K, used 242986K [0x0000000080000000, 0x0000000100000000)
  region size 1024K, 2 young (2048K), 2 survivors (2048K)
 Metaspace       used 100318K, capacity 102634K, committed 102736K, reserved 1138688K
  class space    used 12877K, capacity 13730K, committed 13772K, reserved 1048576K
}
Event: 36.097 GC heap before
{Heap before GC invocations=44 (full 0):
 garbage-first heap   total 256000K, used 253226K [0x0000000080000000, 0x0000000100000000)
  region size 1024K, 12 young (12288K), 2 survivors (2048K)
 Metaspace       used 100318K, capacity 102634K, committed 102736K, reserved 1138688K
  class space    used 12877K, capacity 13730K, committed 13772K, reserved 1048576K
}
Event: 36.104 GC heap after
{Heap after GC invocations=45 (full 0):
 garbage-first heap   total 311296K, used 245897K [0x0000000080000000, 0x0000000100000000)
  region size 1024K, 2 young (2048K), 2 survivors (2048K)
 Metaspace       used 100318K, capacity 102634K, committed 102736K, reserved 1138688K
  class space    used 12877K, capacity 13730K, committed 13772K, reserved 1048576K
}
Event: 36.231 GC heap before
{Heap before GC invocations=46 (full 0):
 garbage-first heap   total 311296K, used 267401K [0x0000000080000000, 0x0000000100000000)
  region size 1024K, 16 young (16384K), 2 survivors (2048K)
 Metaspace       used 100318K, capacity 102634K, committed 102736K, reserved 1138688K
  class space    used 12877K, capacity 13730K, committed 13772K, reserved 1048576K
}
Event: 36.248 GC heap after
{Heap after GC invocations=47 (full 0):
 garbage-first heap   total 311296K, used 253727K [0x0000000080000000, 0x0000000100000000)
  region size 1024K, 2 young (2048K), 2 survivors (2048K)
 Metaspace       used 100318K, capacity 102634K, committed 102736K, reserved 1138688K
  class space    used 12877K, capacity 13730K, committed 13772K, reserved 1048576K
}
Event: 36.272 GC heap before
{Heap before GC invocations=47 (full 0):
 garbage-first heap   total 311296K, used 256799K [0x0000000080000000, 0x0000000100000000)
  region size 1024K, 6 young (6144K), 2 survivors (2048K)
 Metaspace       used 100318K, capacity 102634K, committed 102736K, reserved 1138688K
  class space    used 12877K, capacity 13730K, committed 13772K, reserved 1048576K
}
Event: 36.286 GC heap after
{Heap after GC invocations=48 (full 0):
 garbage-first heap   total 311296K, used 255448K [0x0000000080000000, 0x0000000100000000)
  region size 1024K, 2 young (2048K), 2 survivors (2048K)
 Metaspace       used 100318K, capacity 102634K, committed 102736K, reserved 1138688K
  class space    used 12877K, capacity 13730K, committed 13772K, reserved 1048576K
}
Event: 36.398 GC heap before
{Heap before GC invocations=48 (full 0):
 garbage-first heap   total 311296K, used 270808K [0x0000000080000000, 0x0000000100000000)
  region size 1024K, 15 young (15360K), 2 survivors (2048K)
 Metaspace       used 100319K, capacity 102634K, committed 102736K, reserved 1138688K
  class space    used 12877K, capacity 13730K, committed 13772K, reserved 1048576K
}
Event: 36.415 GC heap after
{Heap after GC invocations=49 (full 0):
 garbage-first heap   total 311296K, used 264137K [0x0000000080000000, 0x0000000100000000)
  region size 1024K, 2 young (2048K), 2 survivors (2048K)
 Metaspace       used 100319K, capacity 102634K, committed 102736K, reserved 1138688K
  class space    used 12877K, capacity 13730K, committed 13772K, reserved 1048576K
}
Event: 36.589 GC heap before
{Heap before GC invocations=49 (full 0):
 garbage-first heap   total 311296K, used 277449K [0x0000000080000000, 0x0000000100000000)
  region size 1024K, 15 young (15360K), 2 survivors (2048K)
 Metaspace       used 100319K, capacity 102634K, committed 102736K, reserved 1138688K
  class space    used 12877K, capacity 13730K, committed 13772K, reserved 1048576K
}

