# JRE version: OpenJDK Runtime Environment (11.0.13) (build 11.0.13+0-b1751.21-8125866)
# Java VM: OpenJDK 64-Bit Server VM (11.0.13+0-b1751.21-8125866, mixed mode, tiered, compressed oops, g1 gc, windows-amd64)
Heap:
 garbage-first heap   total 910336K, used 294194K [0x0000000080000000, 0x0000000100000000)
  region size 1024K, 5 young (5120K), 5 survivors (5120K)
 Metaspace       used 100939K, capacity 103284K, committed 103504K, reserved 1138688K
  class space    used 13100K, capacity 13960K, committed 14080K, reserved 1048576K
GC Heap History (20 events):
Event: 38.234 GC heap after
{Heap after GC invocations=42 (full 0):
 garbage-first heap   total 254976K, used 236544K [0x0000000080000000, 0x0000000100000000)
  region size 1024K, 2 young (2048K), 2 survivors (2048K)
 Metaspace       used 97300K, capacity 99482K, committed 99792K, reserved 1136640K
  class space    used 12489K, capacity 13328K, committed 13440K, reserved 1048576K
}
Event: 38.327 GC heap before
{Heap before GC invocations=42 (full 0):
 garbage-first heap   total 254976K, used 246784K [0x0000000080000000, 0x0000000100000000)
  region size 1024K, 12 young (12288K), 2 survivors (2048K)
 Metaspace       used 97300K, capacity 99482K, committed 99792K, reserved 1136640K
  class space    used 12489K, capacity 13328K, committed 13440K, reserved 1048576K
}
Event: 38.337 GC heap after
{Heap after GC invocations=43 (full 0):
 garbage-first heap   total 306176K, used 239616K [0x0000000080000000, 0x0000000100000000)
  region size 1024K, 2 young (2048K), 2 survivors (2048K)
 Metaspace       used 97300K, capacity 99482K, committed 99792K, reserved 1136640K
  class space    used 12489K, capacity 13328K, committed 13440K, reserved 1048576K
}
Event: 38.536 GC heap before
{Heap before GC invocations=43 (full 0):
 garbage-first heap   total 306176K, used 256000K [0x0000000080000000, 0x0000000100000000)
  region size 1024K, 18 young (18432K), 2 survivors (2048K)
 Metaspace       used 97946K, capacity 100170K, committed 100304K, reserved 1136640K
  class space    used 12569K, capacity 13411K, committed 13440K, reserved 1048576K
}
Event: 38.543 GC heap after
{Heap after GC invocations=44 (full 0):
 garbage-first heap   total 306176K, used 243416K [0x0000000080000000, 0x0000000100000000)
  region size 1024K, 3 young (3072K), 3 survivors (3072K)
 Metaspace       used 97946K, capacity 100170K, committed 100304K, reserved 1136640K
  class space    used 12569K, capacity 13411K, committed 13440K, reserved 1048576K
}
Event: 38.720 GC heap before
{Heap before GC invocations=45 (full 0):
 garbage-first heap   total 306176K, used 258776K [0x0000000080000000, 0x0000000100000000)
  region size 1024K, 18 young (18432K), 3 survivors (3072K)
 Metaspace       used 98049K, capacity 100266K, committed 100432K, reserved 1136640K
  class space    used 12582K, capacity 13443K, committed 13568K, reserved 1048576K
}
Event: 38.729 GC heap after
{Heap after GC invocations=46 (full 0):
 garbage-first heap   total 306176K, used 247046K [0x0000000080000000, 0x0000000100000000)
  region size 1024K, 3 young (3072K), 3 survivors (3072K)
 Metaspace       used 98049K, capacity 100266K, committed 100432K, reserved 1136640K
  class space    used 12582K, capacity 13443K, committed 13568K, reserved 1048576K
}
Event: 38.744 GC heap before
{Heap before GC invocations=46 (full 0):
 garbage-first heap   total 306176K, used 249094K [0x0000000080000000, 0x0000000100000000)
  region size 1024K, 6 young (6144K), 3 survivors (3072K)
 Metaspace       used 98072K, capacity 100266K, committed 100432K, reserved 1136640K
  class space    used 12584K, capacity 13443K, committed 13568K, reserved 1048576K
}
Event: 38.752 GC heap after
{Heap after GC invocations=47 (full 0):
 garbage-first heap   total 306176K, used 248578K [0x0000000080000000, 0x0000000100000000)
  region size 1024K, 2 young (2048K), 2 survivors (2048K)
 Metaspace       used 98072K, capacity 100266K, committed 100432K, reserved 1136640K
  class space    used 12584K, capacity 13443K, committed 13568K, reserved 1048576K
}
Event: 38.853 GC heap before
{Heap before GC invocations=47 (full 0):
 garbage-first heap   total 306176K, used 269058K [0x0000000080000000, 0x0000000100000000)
  region size 1024K, 14 young (14336K), 2 survivors (2048K)
 Metaspace       used 98102K, capacity 100330K, committed 100688K, reserved 1136640K
  class space    used 12586K, capacity 13443K, committed 13568K, reserved 1048576K
}
Event: 38.869 GC heap after
{Heap after GC invocations=48 (full 0):
 garbage-first heap   total 306176K, used 254724K [0x0000000080000000, 0x0000000100000000)
  region size 1024K, 2 young (2048K), 2 survivors (2048K)
 Metaspace       used 98102K, capacity 100330K, committed 100688K, reserved 1136640K
  class space    used 12586K, capacity 13443K, committed 13568K, reserved 1048576K
}
Event: 39.043 GC heap before
{Heap before GC invocations=48 (full 0):
 garbage-first heap   total 306176K, used 268036K [0x0000000080000000, 0x0000000100000000)
  region size 1024K, 14 young (14336K), 2 survivors (2048K)
 Metaspace       used 98293K, capacity 100458K, committed 100688K, reserved 1136640K
  class space    used 12599K, capacity 13443K, committed 13568K, reserved 1048576K
}
Event: 39.061 GC heap after
{Heap after GC invocations=49 (full 0):
 garbage-first heap   total 395264K, used 260789K [0x0000000080000000, 0x0000000100000000)
  region size 1024K, 2 young (2048K), 2 survivors (2048K)
 Metaspace       used 98293K, capacity 100458K, committed 100688K, reserved 1136640K
  class space    used 12599K, capacity 13443K, committed 13568K, reserved 1048576K
}
Event: 39.470 GC heap before
{Heap before GC invocations=50 (full 0):
 garbage-first heap   total 395264K, used 295605K [0x0000000080000000, 0x0000000100000000)
  region size 1024K, 36 young (36864K), 2 survivors (2048K)
 Metaspace       used 98447K, capacity 100699K, committed 100944K, reserved 1136640K
  class space    used 12624K, capacity 13460K, committed 13568K, reserved 1048576K
}
Event: 39.522 GC heap after
{Heap after GC invocations=51 (full 0):
 garbage-first heap   total 395264K, used 273713K [0x0000000080000000, 0x0000000100000000)
  region size 1024K, 5 young (5120K), 5 survivors (5120K)
 Metaspace       used 98447K, capacity 100699K, committed 100944K, reserved 1136640K
  class space    used 12624K, capacity 13460K, committed 13568K, reserved 1048576K
}
Event: 39.693 GC heap before
{Heap before GC invocations=51 (full 0):
 garbage-first heap   total 395264K, used 288049K [0x0000000080000000, 0x0000000100000000)
  region size 1024K, 20 young (20480K), 5 survivors (5120K)
 Metaspace       used 98480K, capacity 100700K, committed 100944K, reserved 1136640K
  class space    used 12625K, capacity 13460K, committed 13568K, reserved 1048576K
}
Event: 39.751 GC heap after
{Heap after GC invocations=52 (full 0):
 garbage-first heap   total 395264K, used 279359K [0x0000000080000000, 0x0000000100000000)
  region size 1024K, 5 young (5120K), 5 survivors (5120K)
 Metaspace       used 98480K, capacity 100700K, committed 100944K, reserved 1136640K
  class space    used 12625K, capacity 13460K, committed 13568K, reserved 1048576K
}
Event: 40.462 GC heap before
{Heap before GC invocations=52 (full 0):
 garbage-first heap   total 395264K, used 309055K [0x0000000080000000, 0x0000000100000000)
  region size 1024K, 34 young (34816K), 5 survivors (5120K)
 Metaspace       used 99477K, capacity 101685K, committed 101840K, reserved 1138688K
  class space    used 12811K, capacity 13665K, committed 13696K, reserved 1048576K
}
Event: 40.504 GC heap after
{Heap after GC invocations=53 (full 0):
 garbage-first heap   total 395264K, used 287276K [0x0000000080000000, 0x0000000100000000)
  region size 1024K, 5 young (5120K), 5 survivors (5120K)
 Metaspace       used 99477K, capacity 101685K, committed 101840K, reserved 1138688K
  class space    used 12811K, capacity 13665K, committed 13696K, reserved 1048576K
}
Event: 40.944 GC heap before
{Heap before GC invocations=54 (full 0):
 garbage-first heap   total 395264K, used 314924K [0x0000000080000000, 0x0000000100000000)
  region size 1024K, 33 young (33792K), 5 survivors (5120K)
 Metaspace       used 100939K, capacity 103284K, committed 103504K, reserved 1138688K
  class space    used 13100K, capacity 13960K, committed 14080K, reserved 1048576K
}

