# JRE version: OpenJDK Runtime Environment (11.0.13) (build 11.0.13+0-b1751.21-8125866)
# Java VM: OpenJDK 64-Bit Server VM (11.0.13+0-b1751.21-8125866, mixed mode, tiered, compressed oops, g1 gc, windows-amd64)
Heap:
 garbage-first heap   total 493568K, used 267264K [0x0000000080000000, 0x0000000100000000)
  region size 1024K, 2 young (2048K), 2 survivors (2048K)
 Metaspace       used 97243K, capacity 99420K, committed 99536K, reserved 1136640K
  class space    used 12474K, capacity 13289K, committed 13344K, reserved 1048576K
GC Heap History (20 events):
Event: 38.462 GC heap after
{Heap after GC invocations=33 (full 0):
 garbage-first heap   total 267264K, used 219614K [0x0000000080000000, 0x0000000100000000)
  region size 1024K, 3 young (3072K), 3 survivors (3072K)
 Metaspace       used 97235K, capacity 99420K, committed 99536K, reserved 1136640K
  class space    used 12474K, capacity 13289K, committed 13344K, reserved 1048576K
}
Event: 38.735 GC heap before
{Heap before GC invocations=33 (full 0):
 garbage-first heap   total 267264K, used 228830K [0x0000000080000000, 0x0000000100000000)
  region size 1024K, 13 young (13312K), 3 survivors (3072K)
 Metaspace       used 97241K, capacity 99420K, committed 99536K, reserved 1136640K
  class space    used 12474K, capacity 13289K, committed 13344K, reserved 1048576K
}
Event: 38.757 GC heap after
{Heap after GC invocations=34 (full 0):
 garbage-first heap   total 267264K, used 224225K [0x0000000080000000, 0x0000000100000000)
  region size 1024K, 2 young (2048K), 2 survivors (2048K)
 Metaspace       used 97241K, capacity 99420K, committed 99536K, reserved 1136640K
  class space    used 12474K, capacity 13289K, committed 13344K, reserved 1048576K
}
Event: 39.045 GC heap before
{Heap before GC invocations=34 (full 0):
 garbage-first heap   total 267264K, used 234465K [0x0000000080000000, 0x0000000100000000)
  region size 1024K, 13 young (13312K), 2 survivors (2048K)
 Metaspace       used 97241K, capacity 99420K, committed 99536K, reserved 1136640K
  class space    used 12474K, capacity 13289K, committed 13344K, reserved 1048576K
}
Event: 39.057 GC heap after
{Heap after GC invocations=35 (full 0):
 garbage-first heap   total 267264K, used 229033K [0x0000000080000000, 0x0000000100000000)
  region size 1024K, 2 young (2048K), 2 survivors (2048K)
 Metaspace       used 97241K, capacity 99420K, committed 99536K, reserved 1136640K
  class space    used 12474K, capacity 13289K, committed 13344K, reserved 1048576K
}
Event: 39.212 GC heap before
{Heap before GC invocations=35 (full 0):
 garbage-first heap   total 267264K, used 241321K [0x0000000080000000, 0x0000000100000000)
  region size 1024K, 13 young (13312K), 2 survivors (2048K)
 Metaspace       used 97241K, capacity 99420K, committed 99536K, reserved 1136640K
  class space    used 12474K, capacity 13289K, committed 13344K, reserved 1048576K
}
Event: 39.225 GC heap after
{Heap after GC invocations=36 (full 0):
 garbage-first heap   total 267264K, used 234679K [0x0000000080000000, 0x0000000100000000)
  region size 1024K, 2 young (2048K), 2 survivors (2048K)
 Metaspace       used 97241K, capacity 99420K, committed 99536K, reserved 1136640K
  class space    used 12474K, capacity 13289K, committed 13344K, reserved 1048576K
}
Event: 39.275 GC heap before
{Heap before GC invocations=36 (full 0):
 garbage-first heap   total 267264K, used 245943K [0x0000000080000000, 0x0000000100000000)
  region size 1024K, 13 young (13312K), 2 survivors (2048K)
 Metaspace       used 97241K, capacity 99420K, committed 99536K, reserved 1136640K
  class space    used 12474K, capacity 13289K, committed 13344K, reserved 1048576K
}
Event: 39.285 GC heap after
{Heap after GC invocations=37 (full 0):
 garbage-first heap   total 267264K, used 237973K [0x0000000080000000, 0x0000000100000000)
  region size 1024K, 2 young (2048K), 2 survivors (2048K)
 Metaspace       used 97241K, capacity 99420K, committed 99536K, reserved 1136640K
  class space    used 12474K, capacity 13289K, committed 13344K, reserved 1048576K
}
Event: 39.327 GC heap before
{Heap before GC invocations=38 (full 0):
 garbage-first heap   total 267264K, used 249237K [0x0000000080000000, 0x0000000100000000)
  region size 1024K, 13 young (13312K), 2 survivors (2048K)
 Metaspace       used 97241K, capacity 99420K, committed 99536K, reserved 1136640K
  class space    used 12474K, capacity 13289K, committed 13344K, reserved 1048576K
}
Event: 39.331 GC heap after
{Heap after GC invocations=39 (full 0):
 garbage-first heap   total 267264K, used 241121K [0x0000000080000000, 0x0000000100000000)
  region size 1024K, 2 young (2048K), 2 survivors (2048K)
 Metaspace       used 97241K, capacity 99420K, committed 99536K, reserved 1136640K
  class space    used 12474K, capacity 13289K, committed 13344K, reserved 1048576K
}
Event: 39.353 GC heap before
{Heap before GC invocations=39 (full 0):
 garbage-first heap   total 267264K, used 246241K [0x0000000080000000, 0x0000000100000000)
  region size 1024K, 8 young (8192K), 2 survivors (2048K)
 Metaspace       used 97241K, capacity 99420K, committed 99536K, reserved 1136640K
  class space    used 12474K, capacity 13289K, committed 13344K, reserved 1048576K
}
Event: 39.358 GC heap after
{Heap after GC invocations=40 (full 0):
 garbage-first heap   total 267264K, used 243435K [0x0000000080000000, 0x0000000100000000)
  region size 1024K, 2 young (2048K), 2 survivors (2048K)
 Metaspace       used 97241K, capacity 99420K, committed 99536K, reserved 1136640K
  class space    used 12474K, capacity 13289K, committed 13344K, reserved 1048576K
}
Event: 39.519 GC heap before
{Heap before GC invocations=40 (full 0):
 garbage-first heap   total 267264K, used 262891K [0x0000000080000000, 0x0000000100000000)
  region size 1024K, 13 young (13312K), 2 survivors (2048K)
 Metaspace       used 97242K, capacity 99420K, committed 99536K, reserved 1136640K
  class space    used 12474K, capacity 13289K, committed 13344K, reserved 1048576K
}
Event: 39.534 GC heap after
{Heap after GC invocations=41 (full 0):
 garbage-first heap   total 270336K, used 249771K [0x0000000080000000, 0x0000000100000000)
  region size 1024K, 2 young (2048K), 2 survivors (2048K)
 Metaspace       used 97242K, capacity 99420K, committed 99536K, reserved 1136640K
  class space    used 12474K, capacity 13289K, committed 13344K, reserved 1048576K
}
Event: 39.720 GC heap before
{Heap before GC invocations=41 (full 0):
 garbage-first heap   total 270336K, used 262059K [0x0000000080000000, 0x0000000100000000)
  region size 1024K, 13 young (13312K), 2 survivors (2048K)
 Metaspace       used 97243K, capacity 99420K, committed 99536K, reserved 1136640K
  class space    used 12474K, capacity 13289K, committed 13344K, reserved 1048576K
}
Event: 39.738 GC heap after
{Heap after GC invocations=42 (full 0):
 garbage-first heap   total 270336K, used 256611K [0x0000000080000000, 0x0000000100000000)
  region size 1024K, 2 young (2048K), 2 survivors (2048K)
 Metaspace       used 97243K, capacity 99420K, committed 99536K, reserved 1136640K
  class space    used 12474K, capacity 13289K, committed 13344K, reserved 1048576K
}
Event: 39.907 GC heap before
{Heap before GC invocations=42 (full 0):
 garbage-first heap   total 270336K, used 267875K [0x0000000080000000, 0x0000000100000000)
  region size 1024K, 13 young (13312K), 2 survivors (2048K)
 Metaspace       used 97243K, capacity 99420K, committed 99536K, reserved 1136640K
  class space    used 12474K, capacity 13289K, committed 13344K, reserved 1048576K
}
Event: 39.928 GC heap after
{Heap after GC invocations=43 (full 0):
 garbage-first heap   total 276480K, used 262332K [0x0000000080000000, 0x0000000100000000)
  region size 1024K, 2 young (2048K), 2 survivors (2048K)
 Metaspace       used 97243K, capacity 99420K, committed 99536K, reserved 1136640K
  class space    used 12474K, capacity 13289K, committed 13344K, reserved 1048576K
}
Event: 40.024 GC heap before
{Heap before GC invocations=44 (full 0):
 garbage-first heap   total 276480K, used 273596K [0x0000000080000000, 0x0000000100000000)
  region size 1024K, 13 young (13312K), 2 survivors (2048K)
 Metaspace       used 97243K, capacity 99420K, committed 99536K, reserved 1136640K
  class space    used 12474K, capacity 13289K, committed 13344K, reserved 1048576K
}

