# JRE version: OpenJDK Runtime Environment (11.0.13) (build 11.0.13+0-b1751.21-8125866)
# Java VM: OpenJDK 64-Bit Server VM (11.0.13+0-b1751.21-8125866, mixed mode, tiered, compressed oops, g1 gc, windows-amd64)
Heap:
 garbage-first heap   total 1123328K, used 372736K [0x0000000080000000, 0x0000000100000000)
  region size 1024K, 6 young (6144K), 6 survivors (6144K)
 Metaspace       used 99812K, capacity 102126K, committed 102260K, reserved 1138688K
  class space    used 12951K, capacity 13829K, committed 13880K, reserved 1048576K
GC Heap History (20 events):
Event: 29.906 GC heap after
{Heap after GC invocations=33 (full 0):
 garbage-first heap   total 283648K, used 240325K [0x0000000080000000, 0x0000000100000000)
  region size 1024K, 2 young (2048K), 2 survivors (2048K)
 Metaspace       used 97357K, capacity 99595K, committed 99700K, reserved 1136640K
  class space    used 12484K, capacity 13326K, committed 13368K, reserved 1048576K
}
Event: 30.013 GC heap before
{Heap before GC invocations=33 (full 0):
 garbage-first heap   total 283648K, used 251589K [0x0000000080000000, 0x0000000100000000)
  region size 1024K, 13 young (13312K), 2 survivors (2048K)
 Metaspace       used 97357K, capacity 99595K, committed 99700K, reserved 1136640K
  class space    used 12484K, capacity 13326K, committed 13368K, reserved 1048576K
}
Event: 30.018 GC heap after
{Heap after GC invocations=34 (full 0):
 garbage-first heap   total 283648K, used 243531K [0x0000000080000000, 0x0000000100000000)
  region size 1024K, 2 young (2048K), 2 survivors (2048K)
 Metaspace       used 97357K, capacity 99595K, committed 99700K, reserved 1136640K
  class space    used 12484K, capacity 13326K, committed 13368K, reserved 1048576K
}
Event: 30.139 GC heap before
{Heap before GC invocations=34 (full 0):
 garbage-first heap   total 283648K, used 262987K [0x0000000080000000, 0x0000000100000000)
  region size 1024K, 13 young (13312K), 2 survivors (2048K)
 Metaspace       used 97357K, capacity 99595K, committed 99700K, reserved 1136640K
  class space    used 12484K, capacity 13326K, committed 13368K, reserved 1048576K
}
Event: 30.153 GC heap after
{Heap after GC invocations=35 (full 0):
 garbage-first heap   total 283648K, used 249111K [0x0000000080000000, 0x0000000100000000)
  region size 1024K, 2 young (2048K), 2 survivors (2048K)
 Metaspace       used 97357K, capacity 99595K, committed 99700K, reserved 1136640K
  class space    used 12484K, capacity 13326K, committed 13368K, reserved 1048576K
}
Event: 30.201 GC heap before
{Heap before GC invocations=36 (full 0):
 garbage-first heap   total 283648K, used 258327K [0x0000000080000000, 0x0000000100000000)
  region size 1024K, 12 young (12288K), 2 survivors (2048K)
 Metaspace       used 97357K, capacity 99595K, committed 99700K, reserved 1136640K
  class space    used 12484K, capacity 13326K, committed 13368K, reserved 1048576K
}
Event: 30.217 GC heap after
{Heap after GC invocations=37 (full 0):
 garbage-first heap   total 283648K, used 253297K [0x0000000080000000, 0x0000000100000000)
  region size 1024K, 2 young (2048K), 2 survivors (2048K)
 Metaspace       used 97357K, capacity 99595K, committed 99700K, reserved 1136640K
  class space    used 12484K, capacity 13326K, committed 13368K, reserved 1048576K
}
Event: 30.280 GC heap before
{Heap before GC invocations=37 (full 0):
 garbage-first heap   total 283648K, used 266609K [0x0000000080000000, 0x0000000100000000)
  region size 1024K, 13 young (13312K), 2 survivors (2048K)
 Metaspace       used 97357K, capacity 99595K, committed 99700K, reserved 1136640K
  class space    used 12484K, capacity 13326K, committed 13368K, reserved 1048576K
}
Event: 30.297 GC heap after
{Heap after GC invocations=38 (full 0):
 garbage-first heap   total 283648K, used 261059K [0x0000000080000000, 0x0000000100000000)
  region size 1024K, 2 young (2048K), 2 survivors (2048K)
 Metaspace       used 97357K, capacity 99595K, committed 99700K, reserved 1136640K
  class space    used 12484K, capacity 13326K, committed 13368K, reserved 1048576K
}
Event: 30.396 GC heap before
{Heap before GC invocations=38 (full 0):
 garbage-first heap   total 283648K, used 271299K [0x0000000080000000, 0x0000000100000000)
  region size 1024K, 13 young (13312K), 2 survivors (2048K)
 Metaspace       used 97357K, capacity 99595K, committed 99700K, reserved 1136640K
  class space    used 12484K, capacity 13326K, committed 13368K, reserved 1048576K
}
Event: 30.413 GC heap after
{Heap after GC invocations=39 (full 0):
 garbage-first heap   total 283648K, used 265401K [0x0000000080000000, 0x0000000100000000)
  region size 1024K, 2 young (2048K), 2 survivors (2048K)
 Metaspace       used 97357K, capacity 99595K, committed 99700K, reserved 1136640K
  class space    used 12484K, capacity 13326K, committed 13368K, reserved 1048576K
}
Event: 30.486 GC heap before
{Heap before GC invocations=39 (full 0):
 garbage-first heap   total 283648K, used 276665K [0x0000000080000000, 0x0000000100000000)
  region size 1024K, 13 young (13312K), 2 survivors (2048K)
 Metaspace       used 97357K, capacity 99595K, committed 99700K, reserved 1136640K
  class space    used 12484K, capacity 13326K, committed 13368K, reserved 1048576K
}
Event: 30.512 GC heap after
{Heap after GC invocations=40 (full 0):
 garbage-first heap   total 494592K, used 270097K [0x0000000080000000, 0x0000000100000000)
  region size 1024K, 2 young (2048K), 2 survivors (2048K)
 Metaspace       used 97357K, capacity 99595K, committed 99700K, reserved 1136640K
  class space    used 12484K, capacity 13326K, committed 13368K, reserved 1048576K
}
Event: 31.372 GC heap before
{Heap before GC invocations=41 (full 0):
 garbage-first heap   total 494592K, used 336657K [0x0000000080000000, 0x0000000100000000)
  region size 1024K, 65 young (66560K), 2 survivors (2048K)
 Metaspace       used 99745K, capacity 102057K, committed 102260K, reserved 1138688K
  class space    used 12951K, capacity 13829K, committed 13880K, reserved 1048576K
}
Event: 31.445 GC heap after
{Heap after GC invocations=42 (full 0):
 garbage-first heap   total 494592K, used 299984K [0x0000000080000000, 0x0000000100000000)
  region size 1024K, 9 young (9216K), 9 survivors (9216K)
 Metaspace       used 99745K, capacity 102057K, committed 102260K, reserved 1138688K
  class space    used 12951K, capacity 13829K, committed 13880K, reserved 1048576K
}
Event: 31.781 GC heap before
{Heap before GC invocations=42 (full 0):
 garbage-first heap   total 494592K, used 356304K [0x0000000080000000, 0x0000000100000000)
  region size 1024K, 64 young (65536K), 9 survivors (9216K)
 Metaspace       used 99793K, capacity 102058K, committed 102260K, reserved 1138688K
  class space    used 12951K, capacity 13829K, committed 13880K, reserved 1048576K
}
Event: 31.881 GC heap after
{Heap after GC invocations=43 (full 0):
 garbage-first heap   total 494592K, used 330752K [0x0000000080000000, 0x0000000100000000)
  region size 1024K, 8 young (8192K), 8 survivors (8192K)
 Metaspace       used 99793K, capacity 102058K, committed 102260K, reserved 1138688K
  class space    used 12951K, capacity 13829K, committed 13880K, reserved 1048576K
}
Event: 32.325 GC heap before
{Heap before GC invocations=43 (full 0):
 garbage-first heap   total 494592K, used 376832K [0x0000000080000000, 0x0000000100000000)
  region size 1024K, 53 young (54272K), 8 survivors (8192K)
 Metaspace       used 99806K, capacity 102126K, committed 102260K, reserved 1138688K
  class space    used 12951K, capacity 13829K, committed 13880K, reserved 1048576K
}
Event: 32.378 GC heap after
{Heap after GC invocations=44 (full 0):
 garbage-first heap   total 494592K, used 355328K [0x0000000080000000, 0x0000000100000000)
  region size 1024K, 7 young (7168K), 7 survivors (7168K)
 Metaspace       used 99806K, capacity 102126K, committed 102260K, reserved 1138688K
  class space    used 12951K, capacity 13829K, committed 13880K, reserved 1048576K
}
Event: 32.627 GC heap before
{Heap before GC invocations=44 (full 0):
 garbage-first heap   total 494592K, used 390144K [0x0000000080000000, 0x0000000100000000)
  region size 1024K, 43 young (44032K), 7 survivors (7168K)
 Metaspace       used 99812K, capacity 102126K, committed 102260K, reserved 1138688K
  class space    used 12951K, capacity 13829K, committed 13880K, reserved 1048576K
}

